[    1122ms] [LOG] app_h5打通失败-Android或者iOS，没有暴露相应方法 @ https://cdn-uat.500px.me/lib/sa-sdk-javascript/sensorsdata.min.js:0
[    1123ms] [LOG] {
  "distinct_id": "19d57fa9ff3c6e-0de928fa4eda3d8-19525631-921600-19d57fa9ff4cd0",
  "lib": {
    "$lib": "js",
    "$lib_method": "code",
    "$lib_version": "1.16.6"
  },
  "properties": {
    "$first_visit_time": "2026-04-04 18:12:15.991",
    "$first_referrer": "",
    "$first_browser_language": "zh-CN",
    "$first_browser_charset": "UTF-8",
    "$first_traffic_source_type": "直接流量",
    "$first_search_keyword": "未取到值_直接打开"
  },
  "anonymous_id": "19d57fa9ff3c6e-0de928fa4eda3d8-19525631-921600-19d57fa9ff4cd0",
  "type": "profile_set_once",
  "time": 1775297535991,
  "_track_id": 188465991,
  "_flush_time": 1775297535991
} @ https://cdn-uat.500px.me/lib/sa-sdk-javascript/sensorsdata.min.js:0
[    1123ms] [LOG] app_h5打通失败-Android或者iOS，没有暴露相应方法 @ https://cdn-uat.500px.me/lib/sa-sdk-javascript/sensorsdata.min.js:0
[    1124ms] [LOG] {
  "distinct_id": "19d57fa9ff3c6e-0de928fa4eda3d8-19525631-921600-19d57fa9ff4cd0",
  "lib": {
    "$lib": "js",
    "$lib_method": "code",
    "$lib_version": "1.16.6"
  },
  "properties": {
    "$timezone_offset": -480,
    "$screen_height": 720,
    "$screen_width": 1280,
    "$lib": "js",
    "$lib_version": "1.16.6",
    "$latest_traffic_source_type": "直接流量",
    "$latest_search_keyword": "未取到值_直接打开",
    "$latest_referrer": "",
    "platform_type": "pc",
    "if_sign_in": false,
    "$referrer": "",
    "$url": "https://500px.com.cn/community/search?key=%E9%B2%A9%E9%B1%BC&searchtype=photos",
    "$url_path": "/community/search",
    "$title": "热门鲩鱼摄影作品 - 优秀鲩鱼摄影作品欣赏 - 500px摄影社区",
    "$is_first_day": true,
    "$is_first_time": true,
    "$referrer_host": ""
  },
  "anonymous_id": "19d57fa9ff3c6e-0de928fa4eda3d8-19525631-921600-19d57fa9ff4cd0",
  "type": "track",
  "event": "$pageview",
  "time": 1775297535993,
  "_track_id": 332405993,
  "_flush_time": 1775297535993
} @ https://cdn-uat.500px.me/lib/sa-sdk-javascript/sensorsdata.min.js:0
[    1221ms] [LOG] mozilla/5.0 (macintosh; intel mac os x 10_15_7) applewebkit/537.36 (khtml, like gecko) chrome/146.0.0.0 safari/537.36 @ https://cdn-uat.500px.me/master/apps/search.js?dc=1736478670446:5
[    1256ms] [LOG] this.state.url22 /community/searchv2?imgSize=p1%2Cp2%2Cp4&categoryId=&orderBy=alike&key=%E9%B2%A9%E9%B1%BC&searchType=photoAndGroup @ https://cdn-uat.500px.me/master/apps/search.js?dc=1736478670446:22
[    1519ms] [LOG] loadData allImgIdJson {} @ https://cdn-uat.500px.me/master/apps/search.js?dc=1736478670446:22
[    3120ms] [ERROR] Failed to load resource: net::ERR_NAME_NOT_RESOLVED @ https://beacon.tingyun.com/pf?av=1.3.3&v=1.3.2&key=M1laN7-zRM0&ref=https%3A%2F%2F500px.com.cn%2Fcommunity%2Fsearch%3Fkey%3D%25E9%25B2%25A9%25E9%25B1%25BC%26searchtype%3Dphotos&rand=1775297537947&pvid=b553-a4e98c09&f=0&qs=321&rs=481&re=482&os=1318&oe=1319&oi=1230&oc=3042&ls=3042&le=3043&tus=0&tue=0&cs=227&ce=321&ds=31&de=227&fp=1385&sl=258&je=0&sh=720&sw=1280:0
[    3120ms] [ERROR] Failed to load resource: net::ERR_NAME_NOT_RESOLVED @ https://beacon.tingyun.com/xhr?av=1.3.3&v=1.3.2&key=M1laN7-zRM0&ref=https%3A%2F%2F500px.com.cn%2Fcommunity%2Fsearch%3Fkey%3D%25E9%25B2%25A9%25E9%25B1%25BC%26searchtype%3Dphotos&rand=1775297537947&pvid=b553-a4e98c09:0
[    6276ms] [LOG] app_h5打通失败-Android或者iOS，没有暴露相应方法 @ https://cdn-uat.500px.me/lib/sa-sdk-javascript/sensorsdata.min.js:0
[    6277ms] [LOG] {
  "distinct_id": "19d57fa9ff3c6e-0de928fa4eda3d8-19525631-921600-19d57fa9ff4cd0",
  "lib": {
    "$lib": "js",
    "$lib_method": "code",
    "$lib_version": "1.16.6"
  },
  "properties": {
    "$timezone_offset": -480,
    "$screen_height": 720,
    "$screen_width": 1280,
    "$lib": "js",
    "$lib_version": "1.16.6",
    "$latest_traffic_source_type": "直接流量",
    "$latest_search_keyword": "未取到值_直接打开",
    "$latest_referrer": "",
    "platform_type": "pc",
    "if_sign_in": false,
    "$referrer": "https://500px.com.cn/community/search?key=%E9%B2%A9%E9%B1%BC&searchtype=photos",
    "$url": "https://500px.com.cn/user/login?redirect=https%3A%2F%2F500px.com.cn%2Fcommunity%2Fsearch%3Fkey%3D%25E9%25B2%25A9%25E9%25B1%25BC%26searchtype%3Dphotos",
    "$url_path": "/user/login",
    "$title": "",
    "$is_first_day": true,
    "$is_first_time": false,
    "$referrer_host": "500px.com.cn"
  },
  "anonymous_id": "19d57fa9ff3c6e-0de928fa4eda3d8-19525631-921600-19d57fa9ff4cd0",
  "type": "track",
  "event": "$pageview",
  "time": 1775297541145,
  "_track_id": 878251146,
  "_flush_time": 1775297541146
} @ https://cdn-uat.500px.me/lib/sa-sdk-javascript/sensorsdata.min.js:0
[    6412ms] [LOG] mozilla/5.0 (macintosh; intel mac os x 10_15_7) applewebkit/537.36 (khtml, like gecko) chrome/146.0.0.0 safari/537.36 @ https://cdn-uat.500px.me/master/apps/landing.js?dc=1736478670446:5
[    6449ms] [VERBOSE] [DOM] Password field is not contained in a form: (More info: https://goo.gl/9p2vKq) %o @ https://500px.com.cn/user/login?redirect=https%3A%2F%2F500px.com.cn%2Fcommunity%2Fsearch%3Fkey%3D%25E9%25B2%25A9%25E9%25B1%25BC%26searchtype%3Dphotos:0
[    6880ms] [ERROR] Failed to load resource: net::ERR_NAME_NOT_RESOLVED @ https://beacon.tingyun.com/xhr?av=1.3.3&v=1.3.2&key=M1laN7-zRM0&ref=https%3A%2F%2F500px.com.cn%2Fuser%2Flogin%3Fredirect%3Dhttps%253A%252F%252F500px.com.cn%252Fcommunity%252Fsearch%253Fkey%253D%2525E9%2525B2%2525A9%2525E9%2525B1%2525BC%2526searchtype%253Dphotos&rand=1775297541717&pvid=408c-af150f65:0
[    6880ms] [ERROR] Failed to load resource: net::ERR_NAME_NOT_RESOLVED @ https://beacon.tingyun.com/pf?av=1.3.3&v=1.3.2&key=M1laN7-zRM0&ref=https%3A%2F%2F500px.com.cn%2Fuser%2Flogin%3Fredirect%3Dhttps%253A%252F%252F500px.com.cn%252Fcommunity%252Fsearch%253Fkey%253D%2525E9%2525B2%2525A9%2525E9%2525B1%2525BC%2526searchtype%253Dphotos&rand=1775297541717&pvid=408c-af150f65&f=21&qs=22&rs=135&re=136&os=412&oe=413&oi=388&oc=806&ls=806&le=806&tus=136&tue=136&fp=398&je=0&sh=720&sw=1280:0
[    7188ms] [COUNT] %c%d: 1 @ https://g.alicdn.com/captcha-frontend/FeiLin/1.3.8/feilin004.95efc5eddfcf18d3dd5e9030b662f6f6c4701cc47ba321fb3f81b5d459c929b8.js:0
[    7188ms] [DIR] %c%d font-size:0;color:transparent Error @ https://g.alicdn.com/captcha-frontend/FeiLin/1.3.8/feilin004.95efc5eddfcf18d3dd5e9030b662f6f6c4701cc47ba321fb3f81b5d459c929b8.js:0
[    7188ms] [DIRXML] %c%d font-size:0;color:transparent Error @ https://g.alicdn.com/captcha-frontend/FeiLin/1.3.8/feilin004.95efc5eddfcf18d3dd5e9030b662f6f6c4701cc47ba321fb3f81b5d459c929b8.js:0
[    7188ms] [ERROR] %c%d font-size:0;color:transparent NaN @ https://g.alicdn.com/captcha-frontend/FeiLin/1.3.8/feilin004.95efc5eddfcf18d3dd5e9030b662f6f6c4701cc47ba321fb3f81b5d459c929b8.js:0
[    7188ms] [INFO] %c%d font-size:0;color:transparent NaN @ https://g.alicdn.com/captcha-frontend/FeiLin/1.3.8/feilin004.95efc5eddfcf18d3dd5e9030b662f6f6c4701cc47ba321fb3f81b5d459c929b8.js:0
[    7188ms] [LOG] %c%d font-size:0;color:transparent NaN @ https://g.alicdn.com/captcha-frontend/FeiLin/1.3.8/feilin004.95efc5eddfcf18d3dd5e9030b662f6f6c4701cc47ba321fb3f81b5d459c929b8.js:0
[    7188ms] [TABLE] %c%d font-size:0;color:transparent Error @ https://g.alicdn.com/captcha-frontend/FeiLin/1.3.8/feilin004.95efc5eddfcf18d3dd5e9030b662f6f6c4701cc47ba321fb3f81b5d459c929b8.js:0
[    7189ms] [WARNING] %c%d font-size:0;color:transparent NaN @ https://g.alicdn.com/captcha-frontend/FeiLin/1.3.8/feilin004.95efc5eddfcf18d3dd5e9030b662f6f6c4701cc47ba321fb3f81b5d459c929b8.js:0
[    7191ms] [LOG] deviceData {dghfh565: W.10051, asdfasdf: 1.5, sdfgsdf: 11, zxcvzxcv: Apple, asdfccv: Blink} @ https://g.alicdn.com/captcha-frontend/FeiLin/1.3.8/feilin004.95efc5eddfcf18d3dd5e9030b662f6f6c4701cc47ba321fb3f81b5d459c929b8.js:0
[    8118ms] [LOG] app_h5打通失败-Android或者iOS，没有暴露相应方法 @ https://cdn-uat.500px.me/lib/sa-sdk-javascript/sensorsdata.min.js:0
[    8119ms] [LOG] {
  "distinct_id": "19d57fa9ff3c6e-0de928fa4eda3d8-19525631-921600-19d57fa9ff4cd0",
  "lib": {
    "$lib": "js",
    "$lib_method": "code",
    "$lib_version": "1.16.6"
  },
  "properties": {
    "$timezone_offset": -480,
    "$screen_height": 720,
    "$screen_width": 1280,
    "$lib": "js",
    "$lib_version": "1.16.6",
    "$latest_traffic_source_type": "直接流量",
    "$latest_search_keyword": "未取到值_直接打开",
    "$latest_referrer": "",
    "platform_type": "pc",
    "if_sign_in": false,
    "$element_type": "input",
    "$element_id": "userName",
    "$element_class_name": "wx_ID",
    "$element_content": "",
    "$url": "https://500px.com.cn/user/login?redirect=https%3A%2F%2F500px.com.cn%2Fcommunity%2Fsearch%3Fkey%3D%25E9%25B2%25A9%25E9%25B1%25BC%26searchtype%3Dphotos",
    "$url_path": "/user/login",
    "$title": "登录",
    "$viewport_width": 1200,
    "$element_selector": "#userName",
    "$element_path": "input#userName",
    "$is_first_day": true
  },
  "anonymous_id": "19d57fa9ff3c6e-0de928fa4eda3d8-19525631-921600-19d57fa9ff4cd0",
  "type": "track",
  "event": "$WebClick",
  "time": 1775297542988,
  "_track_id": 957402988,
  "_flush_time": 1775297542988
} @ https://cdn-uat.500px.me/lib/sa-sdk-javascript/sensorsdata.min.js:0
[   13998ms] [LOG] app_h5打通失败-Android或者iOS，没有暴露相应方法 @ https://cdn-uat.500px.me/lib/sa-sdk-javascript/sensorsdata.min.js:0
[   13999ms] [LOG] {
  "distinct_id": "19d57fa9ff3c6e-0de928fa4eda3d8-19525631-921600-19d57fa9ff4cd0",
  "lib": {
    "$lib": "js",
    "$lib_method": "code",
    "$lib_version": "1.16.6"
  },
  "properties": {
    "$timezone_offset": -480,
    "$screen_height": 720,
    "$screen_width": 1280,
    "$lib": "js",
    "$lib_version": "1.16.6",
    "$latest_traffic_source_type": "直接流量",
    "$latest_search_keyword": "未取到值_直接打开",
    "$latest_referrer": "",
    "platform_type": "pc",
    "if_sign_in": false,
    "$element_type": "input",
    "$element_id": "password",
    "$element_class_name": "password_w",
    "$element_content": "",
    "$url": "https://500px.com.cn/user/login?redirect=https%3A%2F%2F500px.com.cn%2Fcommunity%2Fsearch%3Fkey%3D%25E9%25B2%25A9%25E9%25B1%25BC%26searchtype%3Dphotos",
    "$url_path": "/user/login",
    "$title": "登录",
    "$viewport_width": 1200,
    "$element_selector": "#password",
    "$element_path": "input#password",
    "$is_first_day": true
  },
  "anonymous_id": "19d57fa9ff3c6e-0de928fa4eda3d8-19525631-921600-19d57fa9ff4cd0",
  "type": "track",
  "event": "$WebClick",
  "time": 1775297548867,
  "_track_id": 522698867,
  "_flush_time": 1775297548867
} @ https://cdn-uat.500px.me/lib/sa-sdk-javascript/sensorsdata.min.js:0
[   18482ms] [ERROR] Failed to load resource: net::ERR_NAME_NOT_RESOLVED @ https://beacon.tingyun.com/xhr?av=1.3.3&v=1.3.2&key=M1laN7-zRM0&ref=https%3A%2F%2F500px.com.cn%2Fuser%2Flogin%3Fredirect%3Dhttps%253A%252F%252F500px.com.cn%252Fcommunity%252Fsearch%253Fkey%253D%2525E9%2525B2%2525A9%2525E9%2525B1%2525BC%2526searchtype%253Dphotos&rand=1775297553319&pvid=408c-af150f65:0
[   22588ms] [LOG] app_h5打通失败-Android或者iOS，没有暴露相应方法 @ https://cdn-uat.500px.me/lib/sa-sdk-javascript/sensorsdata.min.js:0
[   22589ms] [LOG] {
  "distinct_id": "19d57fa9ff3c6e-0de928fa4eda3d8-19525631-921600-19d57fa9ff4cd0",
  "lib": {
    "$lib": "js",
    "$lib_method": "code",
    "$lib_version": "1.16.6"
  },
  "properties": {
    "$timezone_offset": -480,
    "$screen_height": 720,
    "$screen_width": 1280,
    "$lib": "js",
    "$lib_version": "1.16.6",
    "$latest_traffic_source_type": "直接流量",
    "$latest_search_keyword": "未取到值_直接打开",
    "$latest_referrer": "",
    "platform_type": "pc",
    "if_sign_in": false,
    "$element_type": "a",
    "$element_id": "subButton",
    "$element_class_name": "wx_landing_a",
    "$element_content": "登录",
    "$url": "https://500px.com.cn/user/login?redirect=https%3A%2F%2F500px.com.cn%2Fcommunity%2Fsearch%3Fkey%3D%25E9%25B2%25A9%25E9%25B1%25BC%26searchtype%3Dphotos",
    "$url_path": "/user/login",
    "$title": "登录",
    "$viewport_width": 1200,
    "$element_selector": "#subButton",
    "$element_path": "a#subButton",
    "$is_first_day": true
  },
  "anonymous_id": "19d57fa9ff3c6e-0de928fa4eda3d8-19525631-921600-19d57fa9ff4cd0",
  "type": "track",
  "event": "$WebClick",
  "time": 1775297557457,
  "_track_id": 294827457,
  "_flush_time": 1775297557457
} @ https://cdn-uat.500px.me/lib/sa-sdk-javascript/sensorsdata.min.js:0
[   23492ms] [LOG] app_h5打通失败-Android或者iOS，没有暴露相应方法 @ https://cdn-uat.500px.me/lib/sa-sdk-javascript/sensorsdata.min.js:0
[   23493ms] [LOG] {
  "distinct_id": "0874d166e497aa04364cbf6ad56be2732",
  "lib": {
    "$lib": "js",
    "$lib_method": "code",
    "$lib_version": "1.16.6"
  },
  "properties": {
    "$timezone_offset": -480,
    "$screen_height": 720,
    "$screen_width": 1280,
    "$lib": "js",
    "$lib_version": "1.16.6",
    "platform_type": "pc",
    "if_sign_in": true,
    "$latest_referrer": "取值异常",
    "$latest_search_keyword": "取值异常",
    "$latest_traffic_source_type": "取值异常",
    "$url": "https://500px.com.cn/community/search?key=%E9%B2%A9%E9%B1%BC&searchtype=photos",
    "$title": "热门鲩鱼摄影作品 - 优秀鲩鱼摄影作品欣赏 - 500px摄影社区"
  },
  "login_id": "0874d166e497aa04364cbf6ad56be2732",
  "anonymous_id": "19d57faf753129a-0c50c739bd203b8-19525631-921600-19d57faf7542104",
  "original_id": "19d57faf753129a-0c50c739bd203b8-19525631-921600-19d57faf7542104",
  "type": "track_signup",
  "event": "$SignUp",
  "time": 1775297558362,
  "_track_id": 795298362,
  "_flush_time": 1775297558362
} @ https://cdn-uat.500px.me/lib/sa-sdk-javascript/sensorsdata.min.js:0
[   23493ms] [LOG] app_h5打通失败-Android或者iOS，没有暴露相应方法 @ https://cdn-uat.500px.me/lib/sa-sdk-javascript/sensorsdata.min.js:0
[   23493ms] [LOG] {
  "distinct_id": "0874d166e497aa04364cbf6ad56be2732",
  "lib": {
    "$lib": "js",
    "$lib_method": "code",
    "$lib_version": "1.16.6"
  },
  "properties": {
    "$first_visit_time": "2026-04-04 18:12:38.362",
    "$first_referrer": "https://500px.com.cn/user/login?redirect=https%3A%2F%2F500px.com.cn%2Fcommunity%2Fsearch%3Fkey%3D%25E9%25B2%25A9%25E9%25B1%25BC%26searchtype%3Dphotos",
    "$first_browser_language": "zh-CN",
    "$first_browser_charset": "UTF-8",
    "$first_traffic_source_type": "引荐流量",
    "$first_search_keyword": "未取到值",
    "$first_referrer_host": "500px.com.cn"
  },
  "login_id": "0874d166e497aa04364cbf6ad56be2732",
  "anonymous_id": "19d57faf753129a-0c50c739bd203b8-19525631-921600-19d57faf7542104",
  "type": "profile_set_once",
  "time": 1775297558363,
  "_track_id": 511278363,
  "_flush_time": 1775297558363
} @ https://cdn-uat.500px.me/lib/sa-sdk-javascript/sensorsdata.min.js:0
[   23494ms] [LOG] app_h5打通失败-Android或者iOS，没有暴露相应方法 @ https://cdn-uat.500px.me/lib/sa-sdk-javascript/sensorsdata.min.js:0
[   23494ms] [LOG] {
  "distinct_id": "0874d166e497aa04364cbf6ad56be2732",
  "lib": {
    "$lib": "js",
    "$lib_method": "code",
    "$lib_version": "1.16.6"
  },
  "properties": {
    "$timezone_offset": -480,
    "$screen_height": 720,
    "$screen_width": 1280,
    "$lib": "js",
    "$lib_version": "1.16.6",
    "platform_type": "pc",
    "if_sign_in": true,
    "$referrer": "https://500px.com.cn/user/login?redirect=https%3A%2F%2F500px.com.cn%2Fcommunity%2Fsearch%3Fkey%3D%25E9%25B2%25A9%25E9%25B1%25BC%26searchtype%3Dphotos",
    "$url": "https://500px.com.cn/community/search?key=%E9%B2%A9%E9%B1%BC&searchtype=photos",
    "$url_path": "/community/search",
    "$title": "热门鲩鱼摄影作品 - 优秀鲩鱼摄影作品欣赏 - 500px摄影社区",
    "$latest_referrer": "取值异常",
    "$latest_search_keyword": "取值异常",
    "$latest_traffic_source_type": "取值异常",
    "$is_first_day": true,
    "$is_first_time": true,
    "$referrer_host": "500px.com.cn"
  },
  "login_id": "0874d166e497aa04364cbf6ad56be2732",
  "anonymous_id": "19d57faf753129a-0c50c739bd203b8-19525631-921600-19d57faf7542104",
  "type": "track",
  "event": "$pageview",
  "time": 1775297558363,
  "_track_id": 563868363,
  "_flush_time": 1775297558363
} @ https://cdn-uat.500px.me/lib/sa-sdk-javascript/sensorsdata.min.js:0
[   23691ms] [LOG] mozilla/5.0 (macintosh; intel mac os x 10_15_7) applewebkit/537.36 (khtml, like gecko) chrome/146.0.0.0 safari/537.36 @ https://cdn-uat.500px.me/master/apps/search.js?dc=1736478670446:5
[   23981ms] [LOG] this.state.url22 /community/searchv2?imgSize=p1%2Cp2%2Cp4&categoryId=&orderBy=alike&key=%E9%B2%A9%E9%B1%BC&searchType=photoAndGroup @ https://cdn-uat.500px.me/master/apps/search.js?dc=1736478670446:22
[   24160ms] [ERROR] Failed to load resource: net::ERR_NAME_NOT_RESOLVED @ https://beacon.tingyun.com/pf?av=1.3.3&v=1.3.2&key=M1laN7-zRM0&ref=https%3A%2F%2F500px.com.cn%2Fcommunity%2Fsearch%3Fkey%3D%25E9%25B2%25A9%25E9%25B1%25BC%26searchtype%3Dphotos&rand=1775297558985&pvid=1d55-6094a191&f=32&qs=33&rs=244&re=246&os=872&oe=873&oi=872&oc=1000&ls=1000&le=1000&tus=249&tue=250&fp=434&je=0&sh=720&sw=1280:0
[   24160ms] [ERROR] Failed to load resource: net::ERR_NAME_NOT_RESOLVED @ https://beacon.tingyun.com/xhr?av=1.3.3&v=1.3.2&key=M1laN7-zRM0&ref=https%3A%2F%2F500px.com.cn%2Fcommunity%2Fsearch%3Fkey%3D%25E9%25B2%25A9%25E9%25B1%25BC%26searchtype%3Dphotos&rand=1775297558985&pvid=1d55-6094a191:0
[   24378ms] [LOG] loadData allImgIdJson {} @ https://cdn-uat.500px.me/master/apps/search.js?dc=1736478670446:22
[   24378ms] [LOG] newData [Object, Object, Object, Object, Object, Object, Object, Object, Object, Object, Object, Object, Object, Object, Object, Object, Object, Object, Object, Object] @ https://cdn-uat.500px.me/master/apps/search.js?dc=1736478670446:22
[   24396ms] [LOG] loadData allImgIdJson {d77447900f154f1c941896fa019d2057: Object, 5b54e72b3d2243328454c1a226b2cb44: Object, 7fdc570bf90e4778a6ae54526edfc6c0: Object, 5766ebf2dea34d8592d8b2356c8a572f: Object, b0f622822b644f53a695ffe2f86154e4: Object} @ https://cdn-uat.500px.me/master/apps/search.js?dc=1736478670446:22
[   36023ms] [ERROR] Failed to load resource: net::ERR_NAME_NOT_RESOLVED @ https://beacon.tingyun.com/xhr?av=1.3.3&v=1.3.2&key=M1laN7-zRM0&ref=https%3A%2F%2F500px.com.cn%2Fcommunity%2Fsearch%3Fkey%3D%25E9%25B2%25A9%25E9%25B1%25BC%26searchtype%3Dphotos&rand=1775297570858&pvid=1d55-6094a191:0
[   76172ms] [ERROR] Failed to load resource: net::ERR_CONNECTION_TIMED_OUT @ https://sensorsdata.vcg.com/sa.gif?project=cn500px:0
[   76172ms] [ERROR] Failed to load resource: net::ERR_CONNECTION_TIMED_OUT @ https://sensorsdata.vcg.com/sa.gif?project=cn500px:0
[   76427ms] [ERROR] Failed to load resource: net::ERR_CONNECTION_TIMED_OUT @ https://sensorsdata.vcg.com/sa.gif?project=cn500px:0
[  140509ms] [LOG] this.state.url22 /community/searchv2?imgSize=p1%2Cp2%2Cp4&categoryId=&orderBy=alike&key=%E9%B2%A9%E9%B1%BC&searchType=photoAndGroup @ https://cdn-uat.500px.me/master/apps/search.js?dc=1736478670446:22
[  141153ms] [LOG] loadData allImgIdJson {d77447900f154f1c941896fa019d2057: Object, 5b54e72b3d2243328454c1a226b2cb44: Object, 7fdc570bf90e4778a6ae54526edfc6c0: Object, 5766ebf2dea34d8592d8b2356c8a572f: Object, b0f622822b644f53a695ffe2f86154e4: Object} @ https://cdn-uat.500px.me/master/apps/search.js?dc=1736478670446:22
[  141153ms] [LOG] newData [Object, Object, Object, Object, Object, Object, Object, Object, Object, Object, Object, Object, Object, Object, Object, Object, Object, Object, Object, Object, Object, Object, Object, Object, Object, Object, Object, Object, Object, Object, Object, Object, Object, Object, Object, Object, Object, Object, Object, Object] @ https://cdn-uat.500px.me/master/apps/search.js?dc=1736478670446:22
[  141180ms] [LOG] loadData allImgIdJson {d77447900f154f1c941896fa019d2057: Object, 5b54e72b3d2243328454c1a226b2cb44: Object, 7fdc570bf90e4778a6ae54526edfc6c0: Object, 5766ebf2dea34d8592d8b2356c8a572f: Object, b0f622822b644f53a695ffe2f86154e4: Object} @ https://cdn-uat.500px.me/master/apps/search.js?dc=1736478670446:22
[  141202ms] [ERROR] Failed to load resource: net::ERR_NAME_NOT_RESOLVED @ https://beacon.tingyun.com/xhr?av=1.3.3&v=1.3.2&key=M1laN7-zRM0&ref=https%3A%2F%2F500px.com.cn%2Fcommunity%2Fsearch%3Fkey%3D%25E9%25B2%25A9%25E9%25B1%25BC%26searchtype%3Dphotos&rand=1775297676021&pvid=1d55-6094a191:0
[  169108ms] [LOG] this.state.url22 /community/searchv2?imgSize=p1%2Cp2%2Cp4&categoryId=&orderBy=alike&key=%E9%B2%A9%E9%B1%BC&searchType=photoAndGroup @ https://cdn-uat.500px.me/master/apps/search.js?dc=1736478670446:22
[  169366ms] [LOG] loadData allImgIdJson {d77447900f154f1c941896fa019d2057: Object, 5b54e72b3d2243328454c1a226b2cb44: Object, 7fdc570bf90e4778a6ae54526edfc6c0: Object, 5766ebf2dea34d8592d8b2356c8a572f: Object, b0f622822b644f53a695ffe2f86154e4: Object} @ https://cdn-uat.500px.me/master/apps/search.js?dc=1736478670446:22
[  169366ms] [LOG] newData [Object, Object, Object, Object, Object, Object, Object, Object, Object, Object, Object, Object, Object, Object, Object, Object, Object, Object, Object, Object, Object, Object, Object, Object, Object, Object, Object, Object, Object, Object, Object, Object, Object, Object, Object, Object, Object, Object, Object, Object, Object, Object, Object, Object, Object, Object, Object, Object, Object, Object, Object, Object, Object, Object, Object, Object] @ https://cdn-uat.500px.me/master/apps/search.js?dc=1736478670446:22
[  169412ms] [LOG] loadData allImgIdJson {d77447900f154f1c941896fa019d2057: Object, 5b54e72b3d2243328454c1a226b2cb44: Object, 7fdc570bf90e4778a6ae54526edfc6c0: Object, 5766ebf2dea34d8592d8b2356c8a572f: Object, b0f622822b644f53a695ffe2f86154e4: Object} @ https://cdn-uat.500px.me/master/apps/search.js?dc=1736478670446:22
[  169421ms] [ERROR] Failed to load resource: net::ERR_NAME_NOT_RESOLVED @ https://beacon.tingyun.com/xhr?av=1.3.3&v=1.3.2&key=M1laN7-zRM0&ref=https%3A%2F%2F500px.com.cn%2Fcommunity%2Fsearch%3Fkey%3D%25E9%25B2%25A9%25E9%25B1%25BC%26searchtype%3Dphotos&rand=1775297704234&pvid=1d55-6094a191:0
[  170586ms] [LOG] Click 1: scrollHeight=12514 @ :18
[  173120ms] [LOG] this.state.url22 /community/searchv2?imgSize=p1%2Cp2%2Cp4&categoryId=&orderBy=alike&key=%E9%B2%A9%E9%B1%BC&searchType=photoAndGroup @ https://cdn-uat.500px.me/master/apps/search.js?dc=1736478670446:22
[  173322ms] [LOG] loadData allImgIdJson {d77447900f154f1c941896fa019d2057: Object, 5b54e72b3d2243328454c1a226b2cb44: Object, 7fdc570bf90e4778a6ae54526edfc6c0: Object, 5766ebf2dea34d8592d8b2356c8a572f: Object, b0f622822b644f53a695ffe2f86154e4: Object} @ https://cdn-uat.500px.me/master/apps/search.js?dc=1736478670446:22
[  174597ms] [LOG] Click 2: scrollHeight=12474 @ :18
[  178601ms] [LOG] Click 3: scrollHeight=12474 @ :18
[  180109ms] [ERROR] Failed to load resource: net::ERR_NAME_NOT_RESOLVED @ https://beacon.tingyun.com/xhr?av=1.3.3&v=1.3.2&key=M1laN7-zRM0&ref=https%3A%2F%2F500px.com.cn%2Fcommunity%2Fsearch%3Fkey%3D%25E9%25B2%25A9%25E9%25B1%25BC%26searchtype%3Dphotos&rand=1775297714860&pvid=1d55-6094a191:0
[  182606ms] [LOG] Click 4: scrollHeight=12474 @ :18
[  186612ms] [LOG] Click 5: scrollHeight=12474 @ :18
[  190626ms] [LOG] Click 6: scrollHeight=12474 @ :18
[  194647ms] [LOG] Click 7: scrollHeight=12474 @ :18
[  198653ms] [LOG] Click 8: scrollHeight=12474 @ :18
[  202664ms] [LOG] Click 9: scrollHeight=12474 @ :18
[  206671ms] [LOG] Click 10: scrollHeight=12474 @ :18
[  210678ms] [LOG] Click 11: scrollHeight=12474 @ :18
[  214685ms] [LOG] Click 12: scrollHeight=12474 @ :18
[  218692ms] [LOG] Click 13: scrollHeight=12474 @ :18
[  222700ms] [LOG] Click 14: scrollHeight=12474 @ :18
[  226704ms] [LOG] Click 15: scrollHeight=12474 @ :18
[  230714ms] [LOG] Click 16: scrollHeight=12474 @ :18
[  234721ms] [LOG] Click 17: scrollHeight=12474 @ :18
[  238730ms] [LOG] Click 18: scrollHeight=12474 @ :18
[  242735ms] [LOG] Click 19: scrollHeight=12474 @ :18
[  246742ms] [LOG] Click 20: scrollHeight=12474 @ :18
[  738563ms] [ERROR] Access to fetch at 'https://img.500px.me/photo/b398ec104477bae3df5280144282b6595/5b54e72b3d2243328454c1a226b2cb44.jpg!p4' from origin 'https://500px.com.cn' has been blocked by CORS policy: No 'Access-Control-Allow-Origin' header is present on the requested resource. @ https://500px.com.cn/community/search?key=%E9%B2%A9%E9%B1%BC&searchtype=photos:0
[  738564ms] [ERROR] Failed to load resource: net::ERR_FAILED @ https://img.500px.me/photo/b398ec104477bae3df5280144282b6595/5b54e72b3d2243328454c1a226b2cb44.jpg!p4:0
