[     804ms] [LOG] app_h5打通失败-Android或者iOS，没有暴露相应方法 @ https://cdn-uat.500px.me/lib/sa-sdk-javascript/sensorsdata.min.js:0
[     805ms] [LOG] {
  "distinct_id": "0874d166e497aa04364cbf6ad56be2732",
  "lib": {
    "$lib": "js",
    "$lib_method": "code",
    "$lib_version": "1.16.6"
  },
  "properties": {
    "$timezone_offset": -480,
    "$screen_height": 720,
    "$screen_width": 1280,
    "$lib": "js",
    "$lib_version": "1.16.6",
    "$latest_traffic_source_type": "直接流量",
    "$latest_search_keyword": "未取到值_直接打开",
    "$latest_referrer": "",
    "platform_type": "pc",
    "if_sign_in": true,
    "$referrer": "",
    "$url": "https://500px.com.cn/community/search?key=%E5%B9%B2%E9%B1%BC&searchtype=photos",
    "$url_path": "/community/search",
    "$title": "热门干鱼摄影作品 - 优秀干鱼摄影作品欣赏 - 500px摄影社区",
    "$is_first_day": true,
    "$is_first_time": false,
    "$referrer_host": ""
  },
  "login_id": "0874d166e497aa04364cbf6ad56be2732",
  "anonymous_id": "19d57faf753129a-0c50c739bd203b8-19525631-921600-19d57faf7542104",
  "type": "track",
  "event": "$pageview",
  "time": 1775299263254,
  "_track_id": 630323254,
  "_flush_time": 1775299263254
} @ https://cdn-uat.500px.me/lib/sa-sdk-javascript/sensorsdata.min.js:0
[     851ms] [LOG] mozilla/5.0 (macintosh; intel mac os x 10_15_7) applewebkit/537.36 (khtml, like gecko) chrome/146.0.0.0 safari/537.36 @ https://cdn-uat.500px.me/master/apps/search.js?dc=1736478670446:5
[    1125ms] [LOG] this.state.url22 /community/searchv2?imgSize=p1%2Cp2%2Cp4&categoryId=&orderBy=alike&key=%E5%B9%B2%E9%B1%BC&searchType=photoAndGroup @ https://cdn-uat.500px.me/master/apps/search.js?dc=1736478670446:22
[    1338ms] [ERROR] Failed to load resource: net::ERR_NAME_NOT_RESOLVED @ https://beacon.tingyun.com/pf?av=1.3.3&v=1.3.2&key=M1laN7-zRM0&ref=https%3A%2F%2F500px.com.cn%2Fcommunity%2Fsearch%3Fkey%3D%25E5%25B9%25B2%25E9%25B1%25BC%26searchtype%3Dphotos&rand=1775299263750&pvid=5ade-a585ff4e&f=1&qs=298&rs=468&re=469&os=1133&oe=1134&oi=1133&oc=1285&ls=1285&le=1285&tus=0&tue=0&cs=207&ce=298&ds=53&de=207&fp=840&sl=235&je=0&sh=720&sw=1280:0
[    1338ms] [ERROR] Failed to load resource: net::ERR_NAME_NOT_RESOLVED @ https://beacon.tingyun.com/xhr?av=1.3.3&v=1.3.2&key=M1laN7-zRM0&ref=https%3A%2F%2F500px.com.cn%2Fcommunity%2Fsearch%3Fkey%3D%25E5%25B9%25B2%25E9%25B1%25BC%26searchtype%3Dphotos&rand=1775299263750&pvid=5ade-a585ff4e:0
[    1579ms] [LOG] loadData allImgIdJson {} @ https://cdn-uat.500px.me/master/apps/search.js?dc=1736478670446:22
[    1580ms] [LOG] newData [Object, Object, Object, Object, Object, Object, Object, Object, Object, Object, Object, Object, Object, Object, Object, Object, Object, Object, Object, Object] @ https://cdn-uat.500px.me/master/apps/search.js?dc=1736478670446:22
[    1602ms] [LOG] loadData allImgIdJson {dac0203cdb524796aaee163174ed6a03: Object, 497217c65f6146899dae30865d9c6f0e: Object, 53e258a19fab4db88e113e72134b7429: Object, 54d53aacf2f1423b830da9459ed5323a: Object, fc2e440fbb644c7ba860070029341f5c: Object} @ https://cdn-uat.500px.me/master/apps/search.js?dc=1736478670446:22
[   13173ms] [ERROR] Failed to load resource: net::ERR_NAME_NOT_RESOLVED @ https://beacon.tingyun.com/xhr?av=1.3.3&v=1.3.2&key=M1laN7-zRM0&ref=https%3A%2F%2F500px.com.cn%2Fcommunity%2Fsearch%3Fkey%3D%25E5%25B9%25B2%25E9%25B1%25BC%26searchtype%3Dphotos&rand=1775299275598&pvid=5ade-a585ff4e:0
[   75860ms] [ERROR] Failed to load resource: net::ERR_CONNECTION_TIMED_OUT @ https://sensorsdata.vcg.com/sa.gif?project=cn500px:0
